[2025-08-06 12:45:18] [INFO] - ============================================================
[2025-08-06 12:45:18] [INFO] -  INICIANDO ROBÔ DE UPLOAD DE BOLETOS PARA O ONVIO 
[2025-08-06 12:45:18] [INFO] - ============================================================
[2025-08-06 12:45:18] [INFO] - Procurando arquivo de entrada em: c:\Users\Exatas\Desktop\SCR\API OMIE\download.json
[2025-08-06 12:45:18] [INFO] - Procurando pasta de boletos em: c:\Users\Exatas\Desktop\SCR\API OMIE\temp
[2025-08-06 12:45:18] [INFO] - Encontrados 11 registros na seção 'boletos' do JSON.
[2025-08-06 12:45:18] [INFO] - Total de 11 boletos válidos e com arquivos encontrados para processamento.
[2025-08-06 12:45:18] [INFO] - Iniciando navegador Chrome...
[2025-08-06 12:45:23] [INFO] - Iniciando a execução da automação.
[2025-08-06 12:45:23] [INFO] - Iniciando processo de login.
[2025-08-06 12:45:28] [INFO] - Login e senha enviados.
[2025-08-06 12:45:39] [INFO] - Nenhuma tela de MFA foi solicitada.
[2025-08-06 12:45:39] [INFO] - Navegando para a área de Documentos: https://onvio.com.br/staff/#/documents
[2025-08-06 12:45:40] [INFO] - Dashboard carregado. Redirecionando...
[2025-08-06 12:45:41] [INFO] - Página de Documentos carregada com sucesso!
[2025-08-06 12:45:41] [INFO] - 
[ Processando item 1 de 11 ]
[2025-08-06 12:45:41] [INFO] - --- Iniciando processamento para empresa 45: TAJS LTDA ---
[2025-08-06 12:45:41] [INFO] - Iniciando seleção (v3.2) para empresa: 45
[2025-08-06 12:45:41] [INFO] - Ativando o combobox de cliente...
[2025-08-06 12:45:43] [INFO] - Encontrando o campo de busca...
[2025-08-06 12:45:43] [INFO] - Limpando o campo de busca...
[2025-08-06 12:45:43] [INFO] - Digitando código '45'...
[2025-08-06 12:45:43] [INFO] - Lista de resultados carregada.
[2025-08-06 12:45:44] [INFO] - Empresa com código '45' encontrada! Clicando...
[2025-08-06 12:45:45] [INFO] - Aguardando o conteúdo do grid carregar (API, Painel e UI)...
[2025-08-06 12:45:45] [INFO] - Aguardando API 'search' estabilizar com status 202...
[2025-08-06 12:45:48] [WARNING] - Nenhuma requisição para 'search' com status 202 foi concluída.
[2025-08-06 12:45:48] [INFO] - Aguardando painel de navegação lateral estabilizar...
[2025-08-06 12:45:48] [INFO] - Painel de navegação estabilizado.
[2025-08-06 12:45:48] [INFO] - Grid carregado e estável.
[2025-08-06 12:45:48] [INFO] - Acessando a pasta principal 'Financeiro' via painel lateral (Shadow DOM)...
[2025-08-06 12:45:48] [INFO] - Navegando para o link da pasta: https://onvio.com.br/staff/#/documents/Client/53D63A2011374292A75422B077D3ADC0/PROJECT/b2470255bcd94d7f8ba4dbd18fff16ea
[2025-08-06 12:45:49] [INFO] - Aguardando o conteúdo do grid carregar (API, Painel e UI)...
[2025-08-06 12:45:49] [INFO] - Aguardando API 'search' estabilizar com status 202...
[2025-08-06 12:45:52] [WARNING] - Nenhuma requisição para 'search' com status 202 foi concluída.
[2025-08-06 12:45:52] [INFO] - Aguardando painel de navegação lateral estabilizar...
[2025-08-06 12:45:52] [INFO] - Painel de navegação estabilizado.
[2025-08-06 12:45:52] [INFO] - Grid carregado e estável.
[2025-08-06 12:45:52] [INFO] - Verificando no grid a existência de 'Boletos'...
[2025-08-06 12:45:52] [INFO] - Item 'Boletos' encontrado no grid.
[2025-08-06 12:45:52] [INFO] - Entrando na subpasta 'Boletos'...
[2025-08-06 12:45:52] [INFO] - Aguardando o conteúdo do grid carregar (API, Painel e UI)...
[2025-08-06 12:45:52] [INFO] - Aguardando API 'search' estabilizar com status 202...
[2025-08-06 12:45:55] [WARNING] - Nenhuma requisição para 'search' com status 202 foi concluída.
[2025-08-06 12:45:55] [INFO] - Aguardando painel de navegação lateral estabilizar...
[2025-08-06 12:45:55] [INFO] - Painel de navegação estabilizado.
[2025-08-06 12:45:55] [INFO] - Grid carregado e estável.
[2025-08-06 12:45:55] [INFO] - Verificando no grid a existência de 'BOLETO - COMPETENCIA 07-2025 - VENC 10-08-2025 - TAJS LTDA - 5116214165.pdf'...
[2025-08-06 12:45:55] [INFO] - Item 'BOLETO - COMPETENCIA 07-2025 - VENC 10-08-2025 - TAJS LTDA - 5116214165.pdf' encontrado no grid.
[2025-08-06 12:45:55] [INFO] - Arquivo 'BOLETO - COMPETENCIA 07-2025 - VENC 10-08-2025 - TAJS LTDA - 5116214165.pdf' já existe nesta pasta. Nenhuma ação necessária.
[2025-08-06 12:45:55] [INFO] - --- Finalizado processamento para empresa 45 ---
[2025-08-06 12:45:55] [INFO] - Resetando para o próximo cliente...
[2025-08-06 12:45:56] [INFO] - 
[ Processando item 2 de 11 ]
[2025-08-06 12:45:56] [INFO] - --- Iniciando processamento para empresa 45: VORTEX ED ---
[2025-08-06 12:45:56] [INFO] - Iniciando seleção (v3.2) para empresa: 45
[2025-08-06 12:45:56] [INFO] - Ativando o combobox de cliente...
[2025-08-06 12:45:57] [INFO] - Encontrando o campo de busca...
[2025-08-06 12:45:57] [INFO] - Limpando o campo de busca...
[2025-08-06 12:45:58] [INFO] - Digitando código '45'...
[2025-08-06 12:45:58] [INFO] - Lista de resultados carregada.
[2025-08-06 12:45:59] [INFO] - Empresa com código '45' encontrada! Clicando...
[2025-08-06 12:45:59] [INFO] - Aguardando o conteúdo do grid carregar (API, Painel e UI)...
[2025-08-06 12:45:59] [INFO] - Aguardando API 'search' estabilizar com status 202...
[2025-08-06 12:46:02] [WARNING] - Nenhuma requisição para 'search' com status 202 foi concluída.
[2025-08-06 12:46:02] [INFO] - Aguardando painel de navegação lateral estabilizar...
[2025-08-06 12:46:02] [INFO] - Painel de navegação estabilizado.
[2025-08-06 12:46:03] [INFO] - Grid carregado e estável.
[2025-08-06 12:46:03] [INFO] - Acessando a pasta principal 'Financeiro' via painel lateral (Shadow DOM)...
[2025-08-06 12:46:03] [INFO] - Navegando para o link da pasta: https://onvio.com.br/staff/#/documents/Client/53D63A2011374292A75422B077D3ADC0/PROJECT/b2470255bcd94d7f8ba4dbd18fff16ea
[2025-08-06 12:46:03] [INFO] - Aguardando o conteúdo do grid carregar (API, Painel e UI)...
[2025-08-06 12:46:03] [INFO] - Aguardando API 'search' estabilizar com status 202...
[2025-08-06 12:46:06] [WARNING] - Nenhuma requisição para 'search' com status 202 foi concluída.
[2025-08-06 12:46:06] [INFO] - Aguardando painel de navegação lateral estabilizar...
[2025-08-06 12:46:06] [INFO] - Painel de navegação estabilizado.
[2025-08-06 12:46:06] [INFO] - Grid carregado e estável.
[2025-08-06 12:46:06] [INFO] - Verificando no grid a existência de 'Boletos'...
[2025-08-06 12:46:06] [INFO] - Item 'Boletos' encontrado no grid.
[2025-08-06 12:46:06] [INFO] - Entrando na subpasta 'Boletos'...
[2025-08-06 12:46:06] [INFO] - Aguardando o conteúdo do grid carregar (API, Painel e UI)...
[2025-08-06 12:46:06] [INFO] - Aguardando API 'search' estabilizar com status 202...
[2025-08-06 12:46:09] [WARNING] - Nenhuma requisição para 'search' com status 202 foi concluída.
[2025-08-06 12:46:09] [INFO] - Aguardando painel de navegação lateral estabilizar...
[2025-08-06 12:46:09] [INFO] - Painel de navegação estabilizado.
[2025-08-06 12:46:09] [INFO] - Grid carregado e estável.
[2025-08-06 12:46:09] [INFO] - Verificando no grid a existência de 'BOLETO - COMPETENCIA 07-2025 - VENC 10-08-2025 - VORTEX ED - 5116214178.pdf'...
[2025-08-06 12:46:09] [INFO] - Item 'BOLETO - COMPETENCIA 07-2025 - VENC 10-08-2025 - VORTEX ED - 5116214178.pdf' encontrado no grid.
[2025-08-06 12:46:09] [INFO] - Arquivo 'BOLETO - COMPETENCIA 07-2025 - VENC 10-08-2025 - VORTEX ED - 5116214178.pdf' já existe nesta pasta. Nenhuma ação necessária.
[2025-08-06 12:46:09] [INFO] - --- Finalizado processamento para empresa 45 ---
[2025-08-06 12:46:09] [INFO] - Resetando para o próximo cliente...
[2025-08-06 12:46:10] [INFO] - 
[ Processando item 3 de 11 ]
[2025-08-06 12:46:10] [INFO] - --- Iniciando processamento para empresa 45: TASAMA ADMINISTRACAO LTDA ---
[2025-08-06 12:46:10] [INFO] - Iniciando seleção (v3.2) para empresa: 45
[2025-08-06 12:46:10] [INFO] - Ativando o combobox de cliente...
[2025-08-06 12:46:12] [INFO] - Encontrando o campo de busca...
[2025-08-06 12:46:12] [INFO] - Limpando o campo de busca...
[2025-08-06 12:46:12] [INFO] - Digitando código '45'...
[2025-08-06 12:46:12] [INFO] - Lista de resultados carregada.
[2025-08-06 12:46:13] [INFO] - Empresa com código '45' encontrada! Clicando...
[2025-08-06 12:46:14] [INFO] - Aguardando o conteúdo do grid carregar (API, Painel e UI)...
[2025-08-06 12:46:14] [INFO] - Aguardando API 'search' estabilizar com status 202...
[2025-08-06 12:46:17] [WARNING] - Nenhuma requisição para 'search' com status 202 foi concluída.
[2025-08-06 12:46:17] [INFO] - Aguardando painel de navegação lateral estabilizar...
[2025-08-06 12:46:17] [INFO] - Painel de navegação estabilizado.
[2025-08-06 12:46:17] [INFO] - Grid carregado e estável.
[2025-08-06 12:46:17] [INFO] - Acessando a pasta principal 'Financeiro' via painel lateral (Shadow DOM)...
[2025-08-06 12:46:17] [INFO] - Navegando para o link da pasta: https://onvio.com.br/staff/#/documents/Client/53D63A2011374292A75422B077D3ADC0/PROJECT/b2470255bcd94d7f8ba4dbd18fff16ea
[2025-08-06 12:46:17] [INFO] - Aguardando o conteúdo do grid carregar (API, Painel e UI)...
[2025-08-06 12:46:17] [INFO] - Aguardando API 'search' estabilizar com status 202...
[2025-08-06 12:46:20] [WARNING] - Nenhuma requisição para 'search' com status 202 foi concluída.
[2025-08-06 12:46:21] [INFO] - Aguardando painel de navegação lateral estabilizar...
[2025-08-06 12:46:21] [INFO] - Painel de navegação estabilizado.
[2025-08-06 12:46:21] [INFO] - Grid carregado e estável.
[2025-08-06 12:46:21] [INFO] - Verificando no grid a existência de 'Boletos'...
[2025-08-06 12:46:21] [INFO] - Item 'Boletos' encontrado no grid.
[2025-08-06 12:46:21] [INFO] - Entrando na subpasta 'Boletos'...
[2025-08-06 12:46:21] [INFO] - Aguardando o conteúdo do grid carregar (API, Painel e UI)...
[2025-08-06 12:46:21] [INFO] - Aguardando API 'search' estabilizar com status 202...
[2025-08-06 12:46:24] [WARNING] - Nenhuma requisição para 'search' com status 202 foi concluída.
[2025-08-06 12:46:24] [INFO] - Aguardando painel de navegação lateral estabilizar...
[2025-08-06 12:46:24] [INFO] - Painel de navegação estabilizado.
[2025-08-06 12:46:24] [INFO] - Grid carregado e estável.
[2025-08-06 12:46:24] [INFO] - Verificando no grid a existência de 'BOLETO - COMPETENCIA 07-2025 - VENC 10-08-2025 - TASAMA ADMINISTRACAO LTDA - 5116214194.pdf'...
[2025-08-06 12:46:24] [INFO] - Item 'BOLETO - COMPETENCIA 07-2025 - VENC 10-08-2025 - TASAMA ADMINISTRACAO LTDA - 5116214194.pdf' NÃO encontrado no grid.
[2025-08-06 12:46:24] [INFO] - Arquivo 'BOLETO - COMPETENCIA 07-2025 - VENC 10-08-2025 - TASAMA ADMINISTRACAO LTDA - 5116214194.pdf' não encontrado. Iniciando upload...
[2025-08-06 12:46:24] [INFO] - Iniciando upload do arquivo: BOLETO - COMPETENCIA 07-2025 - VENC 10-08-2025 - TASAMA ADMINISTRACAO LTDA - 5116214194.pdf
[2025-08-06 12:46:26] [INFO] - Janela 'Abrir' detectada. Enviando caminho do arquivo...
[2025-08-06 12:46:28] [INFO] - Aguardando progresso do upload (mensagem de carregamento)...
[2025-08-06 12:46:28] [INFO] - Progresso detectado. Aguardando finalização...
[2025-08-06 12:46:33] [INFO] - Mensagem de progresso desapareceu.
[2025-08-06 12:46:38] [INFO] - Upload do arquivo 'BOLETO - COMPETENCIA 07-2025 - VENC 10-08-2025 - TASAMA ADMINISTRACAO LTDA - 5116214194.pdf' concluído com sucesso.
[2025-08-06 12:46:38] [INFO] - Iniciando definição de data de vencimento para 'BOLETO - COMPETENCIA 07-2025 - VENC 10-08-2025 - TASAMA ADMINISTRACAO LTDA - 5116214194.pdf' via menu 'Gerenciar'.
[2025-08-06 12:46:38] [INFO] - Aguardando a UI estabilizar...
[2025-08-06 12:46:38] [INFO] - Aguardando o conteúdo do grid carregar (API, Painel e UI)...
[2025-08-06 12:46:38] [INFO] - Aguardando API 'search' estabilizar com status 202...
[2025-08-06 12:46:41] [WARNING] - Nenhuma requisição para 'search' com status 202 foi concluída.
[2025-08-06 12:46:41] [INFO] - Aguardando painel de navegação lateral estabilizar...
[2025-08-06 12:46:41] [INFO] - Painel de navegação estabilizado.
[2025-08-06 12:46:41] [INFO] - Grid carregado e estável.
[2025-08-06 12:46:41] [INFO] - Tentando selecionar o checkbox para o arquivo 'BOLETO - COMPETENCIA 07-2025 - VENC 10-08-2025 - TASAMA ADMINISTRACAO LTDA - 5116214194.pdf'.
[2025-08-06 12:46:41] [INFO] - Localizando a linha do arquivo para obter seu índice...
[2025-08-06 12:46:41] [INFO] - Índice da linha encontrado: 2.
[2025-08-06 12:46:41] [INFO] - Checkbox para 'BOLETO - COMPETENCIA 07-2025 - VENC 10-08-2025 - TASAMA ADMINISTRACAO LTDA - 5116214194.pdf' selecionado com sucesso.
[2025-08-06 12:46:42] [INFO] - Clicando no botão 'Gerenciar'...
[2025-08-06 12:46:43] [INFO] - Aguardando o menu dropdown ser renderizado e aberto...
[2025-08-06 12:46:43] [INFO] - Menu 'Gerenciar' confirmado como aberto.
[2025-08-06 12:46:43] [INFO] - Localizando e clicando em 'Definir data de vencimento' com JavaScript...
[2025-08-06 12:46:43] [INFO] - Aguardando o pop-up de definição de data...
[2025-08-06 12:46:43] [INFO] - Aguardando o campo de data estar pronto para interação...
[2025-08-06 12:46:43] [INFO] - Inserindo a data '10/08/2025' de forma robusta...
[2025-08-06 12:46:46] [INFO] - Localizando botão 'Salvar' e clicando com JavaScript...
[2025-08-06 12:46:46] [INFO] - Aguardando confirmação do salvamento (pop-up fechar)...
[2025-08-06 12:46:55] [INFO] - Data de vencimento definida com sucesso!
[2025-08-06 12:46:55] [INFO] - --- Finalizado processamento para empresa 45 ---
[2025-08-06 12:46:55] [INFO] - Resetando para o próximo cliente...
[2025-08-06 12:46:56] [INFO] - 
[ Processando item 4 de 11 ]
[2025-08-06 12:46:56] [INFO] - --- Iniciando processamento para empresa 45: 493 JOSE JANDIR DE OLIVEIRA ---
[2025-08-06 12:46:56] [INFO] - Iniciando seleção (v3.2) para empresa: 45
[2025-08-06 12:46:56] [INFO] - Ativando o combobox de cliente...
[2025-08-06 12:46:57] [INFO] - Encontrando o campo de busca...
[2025-08-06 12:46:57] [INFO] - Limpando o campo de busca...
[2025-08-06 12:46:58] [INFO] - Digitando código '45'...
[2025-08-06 12:46:58] [INFO] - Lista de resultados carregada.
[2025-08-06 12:46:59] [ERROR] - Ocorreu um erro inesperado durante a seleção da empresa: Message: invalid session id: session deleted as the browser has closed the connection
from disconnected: not connected to DevTools
  (Session info: chrome=138.0.7204.184)
Stacktrace:
	GetHandleVerifier [0x0x56ba83+63395]
	GetHandleVerifier [0x0x56bac4+63460]
	(No symbol) [0x0x3b2113]
	(No symbol) [0x0x3a1b20]
	(No symbol) [0x0x3bf922]
	(No symbol) [0x0x425c9c]
	(No symbol) [0x0x440099]
	(No symbol) [0x0x41f1a6]
	(No symbol) [0x0x3ee7b2]
	(No symbol) [0x0x3ef654]
	GetHandleVerifier [0x0x7e8883+2672035]
	GetHandleVerifier [0x0x7e3cba+2652634]
	GetHandleVerifier [0x0x592bca+223466]
	GetHandleVerifier [0x0x582cb8+158168]
	GetHandleVerifier [0x0x58978d+185517]
	GetHandleVerifier [0x0x573b78+96408]
	GetHandleVerifier [0x0x573d02+96802]
	GetHandleVerifier [0x0x55e90a+9770]
	BaseThreadInitThunk [0x0x76207ba9+25]
	RtlInitializeExceptionChain [0x0x777cc3ab+107]
	RtlClearBits [0x0x777cc32f+191]
Traceback (most recent call last):
  File "c:\Users\Exatas\Desktop\SCR\API OMIE\login.py", line 307, in selecionar_empresa
    item_para_clicar = container_de_rolagem.find_element(By.XPATH, xpath_clicavel)
  File "C:\Users\Exatas\AppData\Local\Programs\Python\Python313\Lib\site-packages\selenium\webdriver\remote\webelement.py", line 603, in find_element
    return self._execute(Command.FIND_CHILD_ELEMENT, {"using": by, "value": value})["value"]
           ~~~~~~~~~~~~~^^^^^^^^^^^^^^^^^^^^^^^^^^^^^^^^^^^^^^^^^^^^^^^^^^^^^^^^^^^
  File "C:\Users\Exatas\AppData\Local\Programs\Python\Python313\Lib\site-packages\selenium\webdriver\remote\webelement.py", line 574, in _execute
    return self._parent.execute(command, params)
           ~~~~~~~~~~~~~~~~~~~~^^^^^^^^^^^^^^^^^
  File "C:\Users\Exatas\AppData\Local\Programs\Python\Python313\Lib\site-packages\selenium\webdriver\remote\webdriver.py", line 447, in execute
    self.error_handler.check_response(response)
    ~~~~~~~~~~~~~~~~~~~~~~~~~~~~~~~~~^^^^^^^^^^
  File "C:\Users\Exatas\AppData\Local\Programs\Python\Python313\Lib\site-packages\selenium\webdriver\remote\errorhandler.py", line 232, in check_response
    raise exception_class(message, screen, stacktrace)
selenium.common.exceptions.InvalidSessionIdException: Message: invalid session id: session deleted as the browser has closed the connection
from disconnected: not connected to DevTools
  (Session info: chrome=138.0.7204.184)
Stacktrace:
	GetHandleVerifier [0x0x56ba83+63395]
	GetHandleVerifier [0x0x56bac4+63460]
	(No symbol) [0x0x3b2113]
	(No symbol) [0x0x3a1b20]
	(No symbol) [0x0x3bf922]
	(No symbol) [0x0x425c9c]
	(No symbol) [0x0x440099]
	(No symbol) [0x0x41f1a6]
	(No symbol) [0x0x3ee7b2]
	(No symbol) [0x0x3ef654]
	GetHandleVerifier [0x0x7e8883+2672035]
	GetHandleVerifier [0x0x7e3cba+2652634]
	GetHandleVerifier [0x0x592bca+223466]
	GetHandleVerifier [0x0x582cb8+158168]
	GetHandleVerifier [0x0x58978d+185517]
	GetHandleVerifier [0x0x573b78+96408]
	GetHandleVerifier [0x0x573d02+96802]
	GetHandleVerifier [0x0x55e90a+9770]
	BaseThreadInitThunk [0x0x76207ba9+25]
	RtlInitializeExceptionChain [0x0x777cc3ab+107]
	RtlClearBits [0x0x777cc32f+191]

[2025-08-06 12:46:59] [INFO] - Resetando para o próximo cliente...
[2025-08-06 12:46:59] [ERROR] - Ocorreu um erro não tratado ao processar o item 45: Message: invalid session id
Stacktrace:
	GetHandleVerifier [0x0x56ba83+63395]
	GetHandleVerifier [0x0x56bac4+63460]
	(No symbol) [0x0x3b1f70]
	(No symbol) [0x0x3edaa8]
	(No symbol) [0x0x41f266]
	(No symbol) [0x0x41ae65]
	(No symbol) [0x0x41a3e6]
	(No symbol) [0x0x383a45]
	(No symbol) [0x0x383f9e]
	(No symbol) [0x0x38442d]
	GetHandleVerifier [0x0x7e8883+2672035]
	GetHandleVerifier [0x0x7e3cba+2652634]
	GetHandleVerifier [0x0x592bca+223466]
	GetHandleVerifier [0x0x582cb8+158168]
	GetHandleVerifier [0x0x58978d+185517]
	(No symbol) [0x0x383710]
	(No symbol) [0x0x382f1d]
	GetHandleVerifier [0x0x91db9c+3938492]
	BaseThreadInitThunk [0x0x76207ba9+25]
	RtlInitializeExceptionChain [0x0x777cc3ab+107]
	RtlClearBits [0x0x777cc32f+191]
Traceback (most recent call last):
  File "c:\Users\Exatas\Desktop\SCR\API OMIE\login.py", line 576, in run
    self.driver.get(self.config['urls']['documentos'])
    ~~~~~~~~~~~~~~~^^^^^^^^^^^^^^^^^^^^^^^^^^^^^^^^^^^
  File "C:\Users\Exatas\AppData\Local\Programs\Python\Python313\Lib\site-packages\selenium\webdriver\remote\webdriver.py", line 472, in get
    self.execute(Command.GET, {"url": url})
    ~~~~~~~~~~~~^^^^^^^^^^^^^^^^^^^^^^^^^^^
  File "C:\Users\Exatas\AppData\Local\Programs\Python\Python313\Lib\site-packages\selenium\webdriver\remote\webdriver.py", line 447, in execute
    self.error_handler.check_response(response)
    ~~~~~~~~~~~~~~~~~~~~~~~~~~~~~~~~~^^^^^^^^^^
  File "C:\Users\Exatas\AppData\Local\Programs\Python\Python313\Lib\site-packages\selenium\webdriver\remote\errorhandler.py", line 232, in check_response
    raise exception_class(message, screen, stacktrace)
selenium.common.exceptions.InvalidSessionIdException: Message: invalid session id
Stacktrace:
	GetHandleVerifier [0x0x56ba83+63395]
	GetHandleVerifier [0x0x56bac4+63460]
	(No symbol) [0x0x3b1f70]
	(No symbol) [0x0x3edaa8]
	(No symbol) [0x0x41f266]
	(No symbol) [0x0x41ae65]
	(No symbol) [0x0x41a3e6]
	(No symbol) [0x0x383a45]
	(No symbol) [0x0x383f9e]
	(No symbol) [0x0x38442d]
	GetHandleVerifier [0x0x7e8883+2672035]
	GetHandleVerifier [0x0x7e3cba+2652634]
	GetHandleVerifier [0x0x592bca+223466]
	GetHandleVerifier [0x0x582cb8+158168]
	GetHandleVerifier [0x0x58978d+185517]
	(No symbol) [0x0x383710]
	(No symbol) [0x0x382f1d]
	GetHandleVerifier [0x0x91db9c+3938492]
	BaseThreadInitThunk [0x0x76207ba9+25]
	RtlInitializeExceptionChain [0x0x777cc3ab+107]
	RtlClearBits [0x0x777cc32f+191]

[2025-08-06 12:46:59] [INFO] - Tentando resetar a página para continuar com o próximo item...
[2025-08-06 12:46:59] [ERROR] -  Ocorreu um erro fatal na execução principal: Message: invalid session id
Stacktrace:
	GetHandleVerifier [0x0x56ba83+63395]
	GetHandleVerifier [0x0x56bac4+63460]
	(No symbol) [0x0x3b1f70]
	(No symbol) [0x0x3edaa8]
	(No symbol) [0x0x41f266]
	(No symbol) [0x0x41ae65]
	(No symbol) [0x0x41a3e6]
	(No symbol) [0x0x383a45]
	(No symbol) [0x0x383f9e]
	(No symbol) [0x0x38442d]
	GetHandleVerifier [0x0x7e8883+2672035]
	GetHandleVerifier [0x0x7e3cba+2652634]
	GetHandleVerifier [0x0x592bca+223466]
	GetHandleVerifier [0x0x582cb8+158168]
	GetHandleVerifier [0x0x58978d+185517]
	(No symbol) [0x0x383710]
	(No symbol) [0x0x382f1d]
	GetHandleVerifier [0x0x91db9c+3938492]
	BaseThreadInitThunk [0x0x76207ba9+25]
	RtlInitializeExceptionChain [0x0x777cc3ab+107]
	RtlClearBits [0x0x777cc32f+191]
Traceback (most recent call last):
  File "c:\Users\Exatas\Desktop\SCR\API OMIE\login.py", line 576, in run
    self.driver.get(self.config['urls']['documentos'])
    ~~~~~~~~~~~~~~~^^^^^^^^^^^^^^^^^^^^^^^^^^^^^^^^^^^
  File "C:\Users\Exatas\AppData\Local\Programs\Python\Python313\Lib\site-packages\selenium\webdriver\remote\webdriver.py", line 472, in get
    self.execute(Command.GET, {"url": url})
    ~~~~~~~~~~~~^^^^^^^^^^^^^^^^^^^^^^^^^^^
  File "C:\Users\Exatas\AppData\Local\Programs\Python\Python313\Lib\site-packages\selenium\webdriver\remote\webdriver.py", line 447, in execute
    self.error_handler.check_response(response)
    ~~~~~~~~~~~~~~~~~~~~~~~~~~~~~~~~~^^^^^^^^^^
  File "C:\Users\Exatas\AppData\Local\Programs\Python\Python313\Lib\site-packages\selenium\webdriver\remote\errorhandler.py", line 232, in check_response
    raise exception_class(message, screen, stacktrace)
selenium.common.exceptions.InvalidSessionIdException: Message: invalid session id
Stacktrace:
	GetHandleVerifier [0x0x56ba83+63395]
	GetHandleVerifier [0x0x56bac4+63460]
	(No symbol) [0x0x3b1f70]
	(No symbol) [0x0x3edaa8]
	(No symbol) [0x0x41f266]
	(No symbol) [0x0x41ae65]
	(No symbol) [0x0x41a3e6]
	(No symbol) [0x0x383a45]
	(No symbol) [0x0x383f9e]
	(No symbol) [0x0x38442d]
	GetHandleVerifier [0x0x7e8883+2672035]
	GetHandleVerifier [0x0x7e3cba+2652634]
	GetHandleVerifier [0x0x592bca+223466]
	GetHandleVerifier [0x0x582cb8+158168]
	GetHandleVerifier [0x0x58978d+185517]
	(No symbol) [0x0x383710]
	(No symbol) [0x0x382f1d]
	GetHandleVerifier [0x0x91db9c+3938492]
	BaseThreadInitThunk [0x0x76207ba9+25]
	RtlInitializeExceptionChain [0x0x777cc3ab+107]
	RtlClearBits [0x0x777cc32f+191]


During handling of the above exception, another exception occurred:

Traceback (most recent call last):
  File "c:\Users\Exatas\Desktop\SCR\API OMIE\login.py", line 600, in <module>
    automator.run(boletos_a_processar)
    ~~~~~~~~~~~~~^^^^^^^^^^^^^^^^^^^^^
  File "c:\Users\Exatas\Desktop\SCR\API OMIE\login.py", line 581, in run
    self.driver.get(self.config['urls']['documentos'])
    ~~~~~~~~~~~~~~~^^^^^^^^^^^^^^^^^^^^^^^^^^^^^^^^^^^
  File "C:\Users\Exatas\AppData\Local\Programs\Python\Python313\Lib\site-packages\selenium\webdriver\remote\webdriver.py", line 472, in get
    self.execute(Command.GET, {"url": url})
    ~~~~~~~~~~~~^^^^^^^^^^^^^^^^^^^^^^^^^^^
  File "C:\Users\Exatas\AppData\Local\Programs\Python\Python313\Lib\site-packages\selenium\webdriver\remote\webdriver.py", line 447, in execute
    self.error_handler.check_response(response)
    ~~~~~~~~~~~~~~~~~~~~~~~~~~~~~~~~~^^^^^^^^^^
  File "C:\Users\Exatas\AppData\Local\Programs\Python\Python313\Lib\site-packages\selenium\webdriver\remote\errorhandler.py", line 232, in check_response
    raise exception_class(message, screen, stacktrace)
selenium.common.exceptions.InvalidSessionIdException: Message: invalid session id
Stacktrace:
	GetHandleVerifier [0x0x56ba83+63395]
	GetHandleVerifier [0x0x56bac4+63460]
	(No symbol) [0x0x3b1f70]
	(No symbol) [0x0x3edaa8]
	(No symbol) [0x0x41f266]
	(No symbol) [0x0x41ae65]
	(No symbol) [0x0x41a3e6]
	(No symbol) [0x0x383a45]
	(No symbol) [0x0x383f9e]
	(No symbol) [0x0x38442d]
	GetHandleVerifier [0x0x7e8883+2672035]
	GetHandleVerifier [0x0x7e3cba+2652634]
	GetHandleVerifier [0x0x592bca+223466]
	GetHandleVerifier [0x0x582cb8+158168]
	GetHandleVerifier [0x0x58978d+185517]
	(No symbol) [0x0x383710]
	(No symbol) [0x0x382f1d]
	GetHandleVerifier [0x0x91db9c+3938492]
	BaseThreadInitThunk [0x0x76207ba9+25]
	RtlInitializeExceptionChain [0x0x777cc3ab+107]
	RtlClearBits [0x0x777cc32f+191]

[2025-08-06 12:46:59] [INFO] - Fechando o navegador.
[2025-08-06 12:47:02] [INFO] - ============================================================
[2025-08-06 12:47:02] [INFO] -  EXECUÇÃO FINALIZADA 
[2025-08-06 12:47:02] [INFO] - ============================================================
