[2025-08-11 20:00:10] [INFO] - ============================================================
[2025-08-11 20:00:10] [INFO] -  INICIANDO ROBÔ DE UPLOAD DE BOLETOS PARA O ONVIO 
[2025-08-11 20:00:10] [INFO] - ============================================================
[2025-08-11 20:00:10] [INFO] - Procurando arquivo de entrada em: c:\Users\ealoi\OneDrive\Documentos\GitHub\Automa-es\API OMIE\download.json
[2025-08-11 20:00:10] [INFO] - Procurando pasta de boletos em: c:\Users\ealoi\OneDrive\Documentos\GitHub\Automa-es\API OMIE\temp
[2025-08-11 20:00:10] [INFO] - Encontrados 11 registros na seção 'boletos' do JSON.
[2025-08-11 20:00:10] [INFO] - Total de 11 boletos válidos e com arquivos encontrados para processamento.
[2025-08-11 20:00:10] [INFO] - Iniciando navegador Chrome...
[2025-08-11 20:00:20] [INFO] - Iniciando a execução da automação.
[2025-08-11 20:00:20] [INFO] - Iniciando processo de login.
[2025-08-11 20:00:24] [INFO] - Login e senha enviados.
[2025-08-11 20:00:47] [INFO] - Nenhuma tela de MFA foi solicitada.
[2025-08-11 20:00:47] [INFO] - Navegando para a área de Documentos: https://onvio.com.br/staff/#/documents
[2025-08-11 20:00:49] [INFO] - Dashboard carregado. Redirecionando...
[2025-08-11 20:00:50] [INFO] - Página de Documentos carregada com sucesso!
[2025-08-11 20:00:50] [INFO] - 
[ Processando item 1 de 11 ]
[2025-08-11 20:00:50] [INFO] - --- Iniciando processamento para empresa 45: TAJS LTDA ---
[2025-08-11 20:00:50] [INFO] - Iniciando seleção (v3.2) para empresa: 45
[2025-08-11 20:00:50] [INFO] - Ativando o combobox de cliente...
[2025-08-11 20:00:51] [INFO] - Encontrando o campo de busca...
[2025-08-11 20:00:51] [INFO] - Limpando o campo de busca...
[2025-08-11 20:00:51] [INFO] - Digitando código '45'...
[2025-08-11 20:00:51] [INFO] - Lista de resultados carregada.
[2025-08-11 20:00:52] [INFO] - Empresa com código '45' encontrada! Clicando...
[2025-08-11 20:00:53] [INFO] - Aguardando o conteúdo do grid carregar (API, Painel e UI)...
[2025-08-11 20:00:53] [INFO] - Aguardando API 'search' estabilizar com status 202...
[2025-08-11 20:00:56] [WARNING] - Nenhuma requisição para 'search' com status 202 foi concluída.
[2025-08-11 20:00:56] [INFO] - Aguardando painel de navegação lateral estabilizar...
[2025-08-11 20:00:56] [INFO] - Painel de navegação estabilizado.
[2025-08-11 20:00:56] [INFO] - Grid carregado e estável.
[2025-08-11 20:00:56] [INFO] - Acessando a pasta principal 'Financeiro' via painel lateral (Shadow DOM)...
[2025-08-11 20:00:56] [INFO] - Navegando para o link da pasta: https://onvio.com.br/staff/#/documents/Client/53D63A2011374292A75422B077D3ADC0/PROJECT/b2470255bcd94d7f8ba4dbd18fff16ea
[2025-08-11 20:00:56] [INFO] - Aguardando o conteúdo do grid carregar (API, Painel e UI)...
[2025-08-11 20:00:56] [INFO] - Aguardando API 'search' estabilizar com status 202...
[2025-08-11 20:00:59] [WARNING] - Nenhuma requisição para 'search' com status 202 foi concluída.
[2025-08-11 20:00:59] [INFO] - Aguardando painel de navegação lateral estabilizar...
[2025-08-11 20:00:59] [INFO] - Painel de navegação estabilizado.
[2025-08-11 20:00:59] [INFO] - Grid carregado e estável.
[2025-08-11 20:00:59] [INFO] - Verificando no grid a existência de 'Boletos'...
[2025-08-11 20:00:59] [INFO] - Item 'Boletos' encontrado no grid.
[2025-08-11 20:00:59] [INFO] - Entrando na subpasta 'Boletos'...
[2025-08-11 20:00:59] [INFO] - Aguardando o conteúdo do grid carregar (API, Painel e UI)...
[2025-08-11 20:00:59] [INFO] - Aguardando API 'search' estabilizar com status 202...
[2025-08-11 20:01:02] [WARNING] - Nenhuma requisição para 'search' com status 202 foi concluída.
[2025-08-11 20:01:02] [INFO] - Aguardando painel de navegação lateral estabilizar...
[2025-08-11 20:01:02] [INFO] - Painel de navegação estabilizado.
[2025-08-11 20:01:02] [INFO] - Grid carregado e estável.
[2025-08-11 20:01:02] [INFO] - Verificando no grid a existência de 'BOLETO - COMPETENCIA 07-2025 - VENC 10-08-2025 - TAJS LTDA - 5116214165.pdf'...
[2025-08-11 20:01:02] [INFO] - Item 'BOLETO - COMPETENCIA 07-2025 - VENC 10-08-2025 - TAJS LTDA - 5116214165.pdf' encontrado no grid.
[2025-08-11 20:01:02] [INFO] - Arquivo 'BOLETO - COMPETENCIA 07-2025 - VENC 10-08-2025 - TAJS LTDA - 5116214165.pdf' já existe nesta pasta. Nenhuma ação necessária.
[2025-08-11 20:01:02] [INFO] - --- Finalizado processamento para empresa 45 ---
[2025-08-11 20:01:02] [INFO] - Resetando para o próximo cliente...
[2025-08-11 20:01:02] [INFO] - 
[ Processando item 2 de 11 ]
[2025-08-11 20:01:02] [INFO] - --- Iniciando processamento para empresa 45: VORTEX ED ---
[2025-08-11 20:01:02] [INFO] - Iniciando seleção (v3.2) para empresa: 45
[2025-08-11 20:01:02] [INFO] - Ativando o combobox de cliente...
[2025-08-11 20:01:04] [INFO] - Encontrando o campo de busca...
[2025-08-11 20:01:04] [INFO] - Limpando o campo de busca...
[2025-08-11 20:01:04] [INFO] - Digitando código '45'...
[2025-08-11 20:01:04] [INFO] - Lista de resultados carregada.
[2025-08-11 20:01:05] [INFO] - Empresa com código '45' encontrada! Clicando...
[2025-08-11 20:01:06] [INFO] - Aguardando o conteúdo do grid carregar (API, Painel e UI)...
[2025-08-11 20:01:06] [INFO] - Aguardando API 'search' estabilizar com status 202...
[2025-08-11 20:01:09] [WARNING] - Nenhuma requisição para 'search' com status 202 foi concluída.
[2025-08-11 20:01:09] [INFO] - Aguardando painel de navegação lateral estabilizar...
[2025-08-11 20:01:09] [INFO] - Painel de navegação estabilizado.
[2025-08-11 20:01:09] [INFO] - Grid carregado e estável.
[2025-08-11 20:01:09] [INFO] - Acessando a pasta principal 'Financeiro' via painel lateral (Shadow DOM)...
[2025-08-11 20:01:09] [INFO] - Navegando para o link da pasta: https://onvio.com.br/staff/#/documents/Client/53D63A2011374292A75422B077D3ADC0/PROJECT/b2470255bcd94d7f8ba4dbd18fff16ea
[2025-08-11 20:01:09] [INFO] - Aguardando o conteúdo do grid carregar (API, Painel e UI)...
[2025-08-11 20:01:09] [INFO] - Aguardando API 'search' estabilizar com status 202...
[2025-08-11 20:01:12] [WARNING] - Nenhuma requisição para 'search' com status 202 foi concluída.
[2025-08-11 20:01:12] [INFO] - Aguardando painel de navegação lateral estabilizar...
[2025-08-11 20:01:12] [INFO] - Painel de navegação estabilizado.
[2025-08-11 20:01:12] [INFO] - Grid carregado e estável.
[2025-08-11 20:01:12] [INFO] - Verificando no grid a existência de 'Boletos'...
[2025-08-11 20:01:12] [INFO] - Item 'Boletos' encontrado no grid.
[2025-08-11 20:01:12] [INFO] - Entrando na subpasta 'Boletos'...
[2025-08-11 20:01:12] [INFO] - Aguardando o conteúdo do grid carregar (API, Painel e UI)...
[2025-08-11 20:01:12] [INFO] - Aguardando API 'search' estabilizar com status 202...
[2025-08-11 20:01:15] [WARNING] - Nenhuma requisição para 'search' com status 202 foi concluída.
[2025-08-11 20:01:15] [INFO] - Aguardando painel de navegação lateral estabilizar...
[2025-08-11 20:01:15] [INFO] - Painel de navegação estabilizado.
[2025-08-11 20:01:15] [INFO] - Grid carregado e estável.
[2025-08-11 20:01:15] [INFO] - Verificando no grid a existência de 'BOLETO - COMPETENCIA 07-2025 - VENC 10-08-2025 - VORTEX ED - 5116214178.pdf'...
[2025-08-11 20:01:15] [INFO] - Item 'BOLETO - COMPETENCIA 07-2025 - VENC 10-08-2025 - VORTEX ED - 5116214178.pdf' encontrado no grid.
[2025-08-11 20:01:15] [INFO] - Arquivo 'BOLETO - COMPETENCIA 07-2025 - VENC 10-08-2025 - VORTEX ED - 5116214178.pdf' já existe nesta pasta. Nenhuma ação necessária.
[2025-08-11 20:01:15] [INFO] - --- Finalizado processamento para empresa 45 ---
[2025-08-11 20:01:15] [INFO] - Resetando para o próximo cliente...
[2025-08-11 20:01:15] [INFO] - 
[ Processando item 3 de 11 ]
[2025-08-11 20:01:15] [INFO] - --- Iniciando processamento para empresa 45: TASAMA ADMINISTRACAO LTDA ---
[2025-08-11 20:01:15] [INFO] - Iniciando seleção (v3.2) para empresa: 45
[2025-08-11 20:01:15] [INFO] - Ativando o combobox de cliente...
[2025-08-11 20:01:16] [INFO] - Encontrando o campo de busca...
[2025-08-11 20:01:16] [INFO] - Limpando o campo de busca...
[2025-08-11 20:01:17] [INFO] - Digitando código '45'...
[2025-08-11 20:01:17] [INFO] - Lista de resultados carregada.
[2025-08-11 20:01:18] [INFO] - Empresa com código '45' encontrada! Clicando...
[2025-08-11 20:01:18] [INFO] - Aguardando o conteúdo do grid carregar (API, Painel e UI)...
[2025-08-11 20:01:18] [INFO] - Aguardando API 'search' estabilizar com status 202...
[2025-08-11 20:01:21] [WARNING] - Nenhuma requisição para 'search' com status 202 foi concluída.
[2025-08-11 20:01:21] [INFO] - Aguardando painel de navegação lateral estabilizar...
[2025-08-11 20:01:21] [INFO] - Painel de navegação estabilizado.
[2025-08-11 20:01:21] [INFO] - Grid carregado e estável.
[2025-08-11 20:01:21] [INFO] - Acessando a pasta principal 'Financeiro' via painel lateral (Shadow DOM)...
[2025-08-11 20:01:21] [INFO] - Navegando para o link da pasta: https://onvio.com.br/staff/#/documents/Client/53D63A2011374292A75422B077D3ADC0/PROJECT/b2470255bcd94d7f8ba4dbd18fff16ea
[2025-08-11 20:01:22] [INFO] - Aguardando o conteúdo do grid carregar (API, Painel e UI)...
[2025-08-11 20:01:22] [INFO] - Aguardando API 'search' estabilizar com status 202...
[2025-08-11 20:01:25] [WARNING] - Nenhuma requisição para 'search' com status 202 foi concluída.
[2025-08-11 20:01:25] [INFO] - Aguardando painel de navegação lateral estabilizar...
[2025-08-11 20:01:25] [INFO] - Painel de navegação estabilizado.
[2025-08-11 20:01:25] [INFO] - Grid carregado e estável.
[2025-08-11 20:01:25] [INFO] - Verificando no grid a existência de 'Boletos'...
[2025-08-11 20:01:25] [INFO] - Item 'Boletos' encontrado no grid.
[2025-08-11 20:01:25] [INFO] - Entrando na subpasta 'Boletos'...
[2025-08-11 20:01:25] [INFO] - Aguardando o conteúdo do grid carregar (API, Painel e UI)...
[2025-08-11 20:01:25] [INFO] - Aguardando API 'search' estabilizar com status 202...
[2025-08-11 20:01:28] [WARNING] - Nenhuma requisição para 'search' com status 202 foi concluída.
[2025-08-11 20:01:28] [INFO] - Aguardando painel de navegação lateral estabilizar...
[2025-08-11 20:01:28] [INFO] - Painel de navegação estabilizado.
[2025-08-11 20:01:28] [INFO] - Grid carregado e estável.
[2025-08-11 20:01:28] [INFO] - Verificando no grid a existência de 'BOLETO - COMPETENCIA 07-2025 - VENC 10-08-2025 - TASAMA ADMINISTRACAO LTDA - 5116214194.pdf'...
[2025-08-11 20:01:28] [INFO] - Item 'BOLETO - COMPETENCIA 07-2025 - VENC 10-08-2025 - TASAMA ADMINISTRACAO LTDA - 5116214194.pdf' encontrado no grid.
[2025-08-11 20:01:28] [INFO] - Arquivo 'BOLETO - COMPETENCIA 07-2025 - VENC 10-08-2025 - TASAMA ADMINISTRACAO LTDA - 5116214194.pdf' já existe nesta pasta. Nenhuma ação necessária.
[2025-08-11 20:01:28] [INFO] - --- Finalizado processamento para empresa 45 ---
[2025-08-11 20:01:28] [INFO] - Resetando para o próximo cliente...
[2025-08-11 20:01:28] [INFO] - 
[ Processando item 4 de 11 ]
[2025-08-11 20:01:28] [INFO] - --- Iniciando processamento para empresa 45: 493 JOSE JANDIR DE OLIVEIRA ---
[2025-08-11 20:01:28] [INFO] - Iniciando seleção (v3.2) para empresa: 45
[2025-08-11 20:01:28] [INFO] - Ativando o combobox de cliente...
[2025-08-11 20:01:29] [INFO] - Encontrando o campo de busca...
[2025-08-11 20:01:29] [INFO] - Limpando o campo de busca...
[2025-08-11 20:01:29] [INFO] - Digitando código '45'...
[2025-08-11 20:01:29] [INFO] - Lista de resultados carregada.
[2025-08-11 20:01:30] [INFO] - Empresa com código '45' encontrada! Clicando...
[2025-08-11 20:01:31] [INFO] - Aguardando o conteúdo do grid carregar (API, Painel e UI)...
[2025-08-11 20:01:31] [INFO] - Aguardando API 'search' estabilizar com status 202...
[2025-08-11 20:01:34] [WARNING] - Nenhuma requisição para 'search' com status 202 foi concluída.
[2025-08-11 20:01:34] [INFO] - Aguardando painel de navegação lateral estabilizar...
[2025-08-11 20:01:34] [INFO] - Painel de navegação estabilizado.
[2025-08-11 20:01:34] [INFO] - Grid carregado e estável.
[2025-08-11 20:01:34] [INFO] - Acessando a pasta principal 'Financeiro' via painel lateral (Shadow DOM)...
[2025-08-11 20:01:34] [INFO] - Navegando para o link da pasta: https://onvio.com.br/staff/#/documents/Client/53D63A2011374292A75422B077D3ADC0/PROJECT/b2470255bcd94d7f8ba4dbd18fff16ea
[2025-08-11 20:01:34] [INFO] - Aguardando o conteúdo do grid carregar (API, Painel e UI)...
[2025-08-11 20:01:34] [INFO] - Aguardando API 'search' estabilizar com status 202...
[2025-08-11 20:01:37] [WARNING] - Nenhuma requisição para 'search' com status 202 foi concluída.
[2025-08-11 20:01:37] [INFO] - Aguardando painel de navegação lateral estabilizar...
[2025-08-11 20:01:37] [INFO] - Painel de navegação estabilizado.
[2025-08-11 20:01:37] [INFO] - Grid carregado e estável.
[2025-08-11 20:01:37] [INFO] - Verificando no grid a existência de 'Boletos'...
[2025-08-11 20:01:37] [INFO] - Item 'Boletos' encontrado no grid.
[2025-08-11 20:01:37] [INFO] - Entrando na subpasta 'Boletos'...
[2025-08-11 20:01:37] [INFO] - Aguardando o conteúdo do grid carregar (API, Painel e UI)...
[2025-08-11 20:01:37] [INFO] - Aguardando API 'search' estabilizar com status 202...
[2025-08-11 20:02:07] [ERROR] - Falha na espera pelo grid: Message: invalid session id; For documentation on this error, please visit: https://www.selenium.dev/documentation/webdriver/troubleshooting/errors#invalidsessionidexception
Stacktrace:
	GetHandleVerifier [0x0xb4ba83+63395]
	GetHandleVerifier [0x0xb4bac4+63460]
	(No symbol) [0x0x991f70]
	(No symbol) [0x0x9cdaa8]
	(No symbol) [0x0x9ff266]
	(No symbol) [0x0x9fae65]
	(No symbol) [0x0x9fa3e6]
	(No symbol) [0x0x963a45]
	(No symbol) [0x0x963f9e]
	(No symbol) [0x0x96442d]
	GetHandleVerifier [0x0xdc8883+2672035]
	GetHandleVerifier [0x0xdc3cba+2652634]
	GetHandleVerifier [0x0xb72bca+223466]
	GetHandleVerifier [0x0xb62cb8+158168]
	GetHandleVerifier [0x0xb6978d+185517]
	(No symbol) [0x0x963710]
	(No symbol) [0x0x962f1d]
	GetHandleVerifier [0x0xefdb9c+3938492]
	BaseThreadInitThunk [0x0x76c25d49+25]
	RtlInitializeExceptionChain [0x0x777bd2fb+107]
	RtlGetAppContainerNamedObjectPath [0x0x777bd281+561]

[2025-08-11 20:02:07] [INFO] - Resetando para o próximo cliente...
[2025-08-11 20:02:07] [ERROR] - Ocorreu um erro não tratado ao processar o item 45: Message: invalid session id; For documentation on this error, please visit: https://www.selenium.dev/documentation/webdriver/troubleshooting/errors#invalidsessionidexception
Stacktrace:
	GetHandleVerifier [0x0xb4ba83+63395]
	GetHandleVerifier [0x0xb4bac4+63460]
	(No symbol) [0x0x991f70]
	(No symbol) [0x0x9cdaa8]
	(No symbol) [0x0x9ff266]
	(No symbol) [0x0x9fae65]
	(No symbol) [0x0x9fa3e6]
	(No symbol) [0x0x963a45]
	(No symbol) [0x0x963f9e]
	(No symbol) [0x0x96442d]
	GetHandleVerifier [0x0xdc8883+2672035]
	GetHandleVerifier [0x0xdc3cba+2652634]
	GetHandleVerifier [0x0xb72bca+223466]
	GetHandleVerifier [0x0xb62cb8+158168]
	GetHandleVerifier [0x0xb6978d+185517]
	(No symbol) [0x0x963710]
	(No symbol) [0x0x962f1d]
	GetHandleVerifier [0x0xefdb9c+3938492]
	BaseThreadInitThunk [0x0x76c25d49+25]
	RtlInitializeExceptionChain [0x0x777bd2fb+107]
	RtlGetAppContainerNamedObjectPath [0x0x777bd281+561]
Traceback (most recent call last):
  File "c:\Users\ealoi\OneDrive\Documentos\GitHub\Automa-es\API OMIE\login.py", line 579, in run
    self.driver.get(self.config['urls']['documentos'])
  File "C:\Users\ealoi\AppData\Roaming\Python\Python312\site-packages\selenium\webdriver\remote\webdriver.py", line 479, in get
    self.execute(Command.GET, {"url": url})
  File "C:\Users\ealoi\AppData\Roaming\Python\Python312\site-packages\selenium\webdriver\remote\webdriver.py", line 454, in execute
    self.error_handler.check_response(response)
  File "C:\Users\ealoi\AppData\Roaming\Python\Python312\site-packages\selenium\webdriver\remote\errorhandler.py", line 232, in check_response
    raise exception_class(message, screen, stacktrace)
selenium.common.exceptions.InvalidSessionIdException: Message: invalid session id; For documentation on this error, please visit: https://www.selenium.dev/documentation/webdriver/troubleshooting/errors#invalidsessionidexception
Stacktrace:
	GetHandleVerifier [0x0xb4ba83+63395]
	GetHandleVerifier [0x0xb4bac4+63460]
	(No symbol) [0x0x991f70]
	(No symbol) [0x0x9cdaa8]
	(No symbol) [0x0x9ff266]
	(No symbol) [0x0x9fae65]
	(No symbol) [0x0x9fa3e6]
	(No symbol) [0x0x963a45]
	(No symbol) [0x0x963f9e]
	(No symbol) [0x0x96442d]
	GetHandleVerifier [0x0xdc8883+2672035]
	GetHandleVerifier [0x0xdc3cba+2652634]
	GetHandleVerifier [0x0xb72bca+223466]
	GetHandleVerifier [0x0xb62cb8+158168]
	GetHandleVerifier [0x0xb6978d+185517]
	(No symbol) [0x0x963710]
	(No symbol) [0x0x962f1d]
	GetHandleVerifier [0x0xefdb9c+3938492]
	BaseThreadInitThunk [0x0x76c25d49+25]
	RtlInitializeExceptionChain [0x0x777bd2fb+107]
	RtlGetAppContainerNamedObjectPath [0x0x777bd281+561]

[2025-08-11 20:02:07] [INFO] - Tentando resetar a página para continuar com o próximo item...
[2025-08-11 20:02:07] [ERROR] -  Ocorreu um erro fatal na execução principal: Message: invalid session id; For documentation on this error, please visit: https://www.selenium.dev/documentation/webdriver/troubleshooting/errors#invalidsessionidexception
Stacktrace:
	GetHandleVerifier [0x0xb4ba83+63395]
	GetHandleVerifier [0x0xb4bac4+63460]
	(No symbol) [0x0x991f70]
	(No symbol) [0x0x9cdaa8]
	(No symbol) [0x0x9ff266]
	(No symbol) [0x0x9fae65]
	(No symbol) [0x0x9fa3e6]
	(No symbol) [0x0x963a45]
	(No symbol) [0x0x963f9e]
	(No symbol) [0x0x96442d]
	GetHandleVerifier [0x0xdc8883+2672035]
	GetHandleVerifier [0x0xdc3cba+2652634]
	GetHandleVerifier [0x0xb72bca+223466]
	GetHandleVerifier [0x0xb62cb8+158168]
	GetHandleVerifier [0x0xb6978d+185517]
	(No symbol) [0x0x963710]
	(No symbol) [0x0x962f1d]
	GetHandleVerifier [0x0xefdb9c+3938492]
	BaseThreadInitThunk [0x0x76c25d49+25]
	RtlInitializeExceptionChain [0x0x777bd2fb+107]
	RtlGetAppContainerNamedObjectPath [0x0x777bd281+561]
Traceback (most recent call last):
  File "c:\Users\ealoi\OneDrive\Documentos\GitHub\Automa-es\API OMIE\login.py", line 579, in run
    self.driver.get(self.config['urls']['documentos'])
  File "C:\Users\ealoi\AppData\Roaming\Python\Python312\site-packages\selenium\webdriver\remote\webdriver.py", line 479, in get
    self.execute(Command.GET, {"url": url})
  File "C:\Users\ealoi\AppData\Roaming\Python\Python312\site-packages\selenium\webdriver\remote\webdriver.py", line 454, in execute
    self.error_handler.check_response(response)
  File "C:\Users\ealoi\AppData\Roaming\Python\Python312\site-packages\selenium\webdriver\remote\errorhandler.py", line 232, in check_response
    raise exception_class(message, screen, stacktrace)
selenium.common.exceptions.InvalidSessionIdException: Message: invalid session id; For documentation on this error, please visit: https://www.selenium.dev/documentation/webdriver/troubleshooting/errors#invalidsessionidexception
Stacktrace:
	GetHandleVerifier [0x0xb4ba83+63395]
	GetHandleVerifier [0x0xb4bac4+63460]
	(No symbol) [0x0x991f70]
	(No symbol) [0x0x9cdaa8]
	(No symbol) [0x0x9ff266]
	(No symbol) [0x0x9fae65]
	(No symbol) [0x0x9fa3e6]
	(No symbol) [0x0x963a45]
	(No symbol) [0x0x963f9e]
	(No symbol) [0x0x96442d]
	GetHandleVerifier [0x0xdc8883+2672035]
	GetHandleVerifier [0x0xdc3cba+2652634]
	GetHandleVerifier [0x0xb72bca+223466]
	GetHandleVerifier [0x0xb62cb8+158168]
	GetHandleVerifier [0x0xb6978d+185517]
	(No symbol) [0x0x963710]
	(No symbol) [0x0x962f1d]
	GetHandleVerifier [0x0xefdb9c+3938492]
	BaseThreadInitThunk [0x0x76c25d49+25]
	RtlInitializeExceptionChain [0x0x777bd2fb+107]
	RtlGetAppContainerNamedObjectPath [0x0x777bd281+561]


During handling of the above exception, another exception occurred:

Traceback (most recent call last):
  File "c:\Users\ealoi\OneDrive\Documentos\GitHub\Automa-es\API OMIE\login.py", line 601, in <module>
    automator.run(boletos_a_processar)
  File "c:\Users\ealoi\OneDrive\Documentos\GitHub\Automa-es\API OMIE\login.py", line 584, in run
    self.driver.get(self.config['urls']['documentos'])
  File "C:\Users\ealoi\AppData\Roaming\Python\Python312\site-packages\selenium\webdriver\remote\webdriver.py", line 479, in get
    self.execute(Command.GET, {"url": url})
  File "C:\Users\ealoi\AppData\Roaming\Python\Python312\site-packages\selenium\webdriver\remote\webdriver.py", line 454, in execute
    self.error_handler.check_response(response)
  File "C:\Users\ealoi\AppData\Roaming\Python\Python312\site-packages\selenium\webdriver\remote\errorhandler.py", line 232, in check_response
    raise exception_class(message, screen, stacktrace)
selenium.common.exceptions.InvalidSessionIdException: Message: invalid session id; For documentation on this error, please visit: https://www.selenium.dev/documentation/webdriver/troubleshooting/errors#invalidsessionidexception
Stacktrace:
	GetHandleVerifier [0x0xb4ba83+63395]
	GetHandleVerifier [0x0xb4bac4+63460]
	(No symbol) [0x0x991f70]
	(No symbol) [0x0x9cdaa8]
	(No symbol) [0x0x9ff266]
	(No symbol) [0x0x9fae65]
	(No symbol) [0x0x9fa3e6]
	(No symbol) [0x0x963a45]
	(No symbol) [0x0x963f9e]
	(No symbol) [0x0x96442d]
	GetHandleVerifier [0x0xdc8883+2672035]
	GetHandleVerifier [0x0xdc3cba+2652634]
	GetHandleVerifier [0x0xb72bca+223466]
	GetHandleVerifier [0x0xb62cb8+158168]
	GetHandleVerifier [0x0xb6978d+185517]
	(No symbol) [0x0x963710]
	(No symbol) [0x0x962f1d]
	GetHandleVerifier [0x0xefdb9c+3938492]
	BaseThreadInitThunk [0x0x76c25d49+25]
	RtlInitializeExceptionChain [0x0x777bd2fb+107]
	RtlGetAppContainerNamedObjectPath [0x0x777bd281+561]

[2025-08-11 20:02:07] [INFO] - Fechando o navegador.
[2025-08-11 20:02:09] [INFO] - ============================================================
[2025-08-11 20:02:09] [INFO] -  EXECUÇÃO FINALIZADA 
[2025-08-11 20:02:09] [INFO] - ============================================================
